<?xml version="1.0" encoding="UTF-8"?>
<!-- Generated by org.testng.reporters.JUnitReportReporter -->
<testsuite hostname="Dhivya" failures="0" tests="52" name="dsAlgo_TestRunner.TestRunner" time="5.519" errors="52" timestamp="2025-02-12T12:21:28 EST" skipped="0">
  <testcase classname="dsAlgo_TestRunner.TestRunner" name="runScenario" time="0.031">
    <error message="Cannot invoke &quot;org.openqa.selenium.SearchContext.findElement(org.openqa.selenium.By)&quot; because &quot;this.searchContext&quot; is null" type="java.lang.NullPointerException">
      <![CDATA[java.lang.NullPointerException: Cannot invoke "org.openqa.selenium.SearchContext.findElement(org.openqa.selenium.By)" because "this.searchContext" is null
at org.openqa.selenium.support.pagefactory.DefaultElementLocator.findElement(DefaultElementLocator.java:68)
at org.openqa.selenium.support.pagefactory.internal.LocatingElementHandler.invoke(LocatingElementHandler.java:38)
at jdk.proxy2/jdk.proxy2.$Proxy25.click(Unknown Source)
at dsAlgo_PageFactory.Home_PageFactory.arraysBtnClick(Home_PageFactory.java:65)
at dsAlgo_StepDefinition.Home.user_selects_arrays_from_the_dropdown_without_signing_in(Home.java:60)
at ✽.User selects Arrays from the dropdown without signing in(file:///C:/Users/rinuh/eclipse-workspace/DsAlgo_CodeCrackers/src/test/resources/features/A_Home.feature:13)
]]>
    </error>
  </testcase> <!-- runScenario -->
  <testcase classname="dsAlgo_TestRunner.TestRunner" name="runScenario" time="0.012">
    <error message="Cannot invoke &quot;org.openqa.selenium.SearchContext.findElement(org.openqa.selenium.By)&quot; because &quot;this.searchContext&quot; is null" type="java.lang.NullPointerException">
      <![CDATA[java.lang.NullPointerException: Cannot invoke "org.openqa.selenium.SearchContext.findElement(org.openqa.selenium.By)" because "this.searchContext" is null
at org.openqa.selenium.support.pagefactory.DefaultElementLocator.findElement(DefaultElementLocator.java:68)
at org.openqa.selenium.support.pagefactory.internal.LocatingElementHandler.invoke(LocatingElementHandler.java:38)
at jdk.proxy2/jdk.proxy2.$Proxy25.isDisplayed(Unknown Source)
at dsAlgo_PageFactory.Login_PageFactory.signOutBtnDisplayed(Login_PageFactory.java:46)
at dsAlgo_StepDefinition.Login.the_user_is_in_the_home_page_after_sign_in(Login.java:98)
at ✽.The user is in the Home page after Sign In(file:///C:/Users/rinuh/eclipse-workspace/DsAlgo_CodeCrackers/src/test/resources/features/C_Login.feature:18)
]]>
    </error>
  </testcase> <!-- runScenario -->
  <testcase classname="dsAlgo_TestRunner.TestRunner" name="runScenario" time="0.050">
    <error message="Cannot invoke &quot;org.openqa.selenium.SearchContext.findElement(org.openqa.selenium.By)&quot; because &quot;this.searchContext&quot; is null" type="java.lang.NullPointerException">
      <![CDATA[java.lang.NullPointerException: Cannot invoke "org.openqa.selenium.SearchContext.findElement(org.openqa.selenium.By)" because "this.searchContext" is null
at org.openqa.selenium.support.pagefactory.DefaultElementLocator.findElement(DefaultElementLocator.java:68)
at org.openqa.selenium.support.pagefactory.internal.LocatingElementHandler.invoke(LocatingElementHandler.java:38)
at jdk.proxy2/jdk.proxy2.$Proxy25.click(Unknown Source)
at dsAlgo_PageFactory.Home_PageFactory.dataStructureDropDownClick(Home_PageFactory.java:61)
at dsAlgo_StepDefinition.Home.user_clicks_on_the_data_structures_dropdown(Home.java:49)
at ✽.User clicks on the Data Structures dropdown(file:///C:/Users/rinuh/eclipse-workspace/DsAlgo_CodeCrackers/src/test/resources/features/A_Home.feature:9)
]]>
    </error>
  </testcase> <!-- runScenario -->
  <testcase classname="dsAlgo_TestRunner.TestRunner" name="runScenario" time="0.038">
    <error message="Cannot invoke &quot;org.openqa.selenium.SearchContext.findElement(org.openqa.selenium.By)&quot; because &quot;this.searchContext&quot; is null" type="java.lang.NullPointerException">
      <![CDATA[java.lang.NullPointerException: Cannot invoke "org.openqa.selenium.SearchContext.findElement(org.openqa.selenium.By)" because "this.searchContext" is null
at org.openqa.selenium.support.pagefactory.DefaultElementLocator.findElement(DefaultElementLocator.java:68)
at org.openqa.selenium.support.pagefactory.internal.LocatingElementHandler.invoke(LocatingElementHandler.java:38)
at jdk.proxy2/jdk.proxy2.$Proxy25.click(Unknown Source)
at dsAlgo_PageFactory.Home_PageFactory.dataStructureDropDownClick(Home_PageFactory.java:61)
at dsAlgo_StepDefinition.Home.user_selects_tree_from_the_dropdown_without_signing_in(Home.java:90)
at ✽.User selects Tree from the dropdown without signing in(file:///C:/Users/rinuh/eclipse-workspace/DsAlgo_CodeCrackers/src/test/resources/features/A_Home.feature:29)
]]>
    </error>
  </testcase> <!-- runScenario -->
  <testcase classname="dsAlgo_TestRunner.TestRunner" name="runScenario" time="0.028">
    <error message="Cannot invoke &quot;org.openqa.selenium.SearchContext.findElement(org.openqa.selenium.By)&quot; because &quot;this.searchContext&quot; is null" type="java.lang.NullPointerException">
      <![CDATA[java.lang.NullPointerException: Cannot invoke "org.openqa.selenium.SearchContext.findElement(org.openqa.selenium.By)" because "this.searchContext" is null
at org.openqa.selenium.support.pagefactory.DefaultElementLocator.findElement(DefaultElementLocator.java:68)
at org.openqa.selenium.support.pagefactory.internal.LocatingElementHandler.invoke(LocatingElementHandler.java:38)
at jdk.proxy2/jdk.proxy2.$Proxy25.click(Unknown Source)
at dsAlgo_PageFactory.Home_PageFactory.dataStructureDropDownClick(Home_PageFactory.java:61)
at dsAlgo_StepDefinition.Home.user_selects_graph_from_the_dropdown_without_signing_in(Home.java:96)
at ✽.User selects Graph from the dropdown without signing in(file:///C:/Users/rinuh/eclipse-workspace/DsAlgo_CodeCrackers/src/test/resources/features/A_Home.feature:33)
]]>
    </error>
  </testcase> <!-- runScenario -->
  <testcase classname="dsAlgo_TestRunner.TestRunner" name="runScenario" time="0.012">
    <error message="Cannot invoke &quot;org.openqa.selenium.SearchContext.findElement(org.openqa.selenium.By)&quot; because &quot;this.searchContext&quot; is null" type="java.lang.NullPointerException">
      <![CDATA[java.lang.NullPointerException: Cannot invoke "org.openqa.selenium.SearchContext.findElement(org.openqa.selenium.By)" because "this.searchContext" is null
at org.openqa.selenium.support.pagefactory.DefaultElementLocator.findElement(DefaultElementLocator.java:68)
at org.openqa.selenium.support.pagefactory.internal.LocatingElementHandler.invoke(LocatingElementHandler.java:38)
at jdk.proxy2/jdk.proxy2.$Proxy25.isDisplayed(Unknown Source)
at dsAlgo_PageFactory.Register_PageFactory.registerBtnDisplayed(Register_PageFactory.java:37)
at dsAlgo_StepDefinition.Register.user_is_in_the_register_page_after_clicking_register_link_in_the_home_page(Register.java:60)
at ✽.User is in the Register page after clicking Register link in the home page(file:///C:/Users/rinuh/eclipse-workspace/DsAlgo_CodeCrackers/src/test/resources/features/B_Register.feature:38)
]]>
    </error>
  </testcase> <!-- runScenario -->
  <testcase classname="dsAlgo_TestRunner.TestRunner" name="runScenario" time="0.013">
    <error message="Cannot invoke &quot;org.openqa.selenium.SearchContext.findElement(org.openqa.selenium.By)&quot; because &quot;this.searchContext&quot; is null" type="java.lang.NullPointerException">
      <![CDATA[java.lang.NullPointerException: Cannot invoke "org.openqa.selenium.SearchContext.findElement(org.openqa.selenium.By)" because "this.searchContext" is null
at org.openqa.selenium.support.pagefactory.DefaultElementLocator.findElement(DefaultElementLocator.java:68)
at org.openqa.selenium.support.pagefactory.internal.LocatingElementHandler.invoke(LocatingElementHandler.java:38)
at jdk.proxy2/jdk.proxy2.$Proxy25.isDisplayed(Unknown Source)
at dsAlgo_PageFactory.Register_PageFactory.registerBtnDisplayed(Register_PageFactory.java:37)
at dsAlgo_StepDefinition.Register.user_is_in_the_register_page_after_clicking_register_link_in_the_home_page(Register.java:60)
at ✽.User is in the Register page after clicking Register link in the home page(file:///C:/Users/rinuh/eclipse-workspace/DsAlgo_CodeCrackers/src/test/resources/features/B_Register.feature:26)
]]>
    </error>
  </testcase> <!-- runScenario -->
  <testcase classname="dsAlgo_TestRunner.TestRunner" name="runScenario" time="0.022">
    <error message="Cannot invoke &quot;org.openqa.selenium.SearchContext.findElement(org.openqa.selenium.By)&quot; because &quot;this.searchContext&quot; is null" type="java.lang.NullPointerException">
      <![CDATA[java.lang.NullPointerException: Cannot invoke "org.openqa.selenium.SearchContext.findElement(org.openqa.selenium.By)" because "this.searchContext" is null
at org.openqa.selenium.support.pagefactory.DefaultElementLocator.findElement(DefaultElementLocator.java:68)
at org.openqa.selenium.support.pagefactory.internal.LocatingElementHandler.invoke(LocatingElementHandler.java:38)
at jdk.proxy2/jdk.proxy2.$Proxy25.isDisplayed(Unknown Source)
at dsAlgo_PageFactory.Register_PageFactory.registerBtnDisplayed(Register_PageFactory.java:37)
at dsAlgo_StepDefinition.Register.user_is_in_the_register_page_after_clicking_register_link_in_the_home_page(Register.java:60)
at ✽.User is in the Register page after clicking Register link in the home page(file:///C:/Users/rinuh/eclipse-workspace/DsAlgo_CodeCrackers/src/test/resources/features/B_Register.feature:26)
]]>
    </error>
  </testcase> <!-- runScenario -->
  <testcase classname="dsAlgo_TestRunner.TestRunner" name="runScenario" time="0.061">
    <error message="Cannot invoke &quot;org.openqa.selenium.SearchContext.findElement(org.openqa.selenium.By)&quot; because &quot;this.searchContext&quot; is null" type="java.lang.NullPointerException">
      <![CDATA[java.lang.NullPointerException: Cannot invoke "org.openqa.selenium.SearchContext.findElement(org.openqa.selenium.By)" because "this.searchContext" is null
at org.openqa.selenium.support.pagefactory.DefaultElementLocator.findElement(DefaultElementLocator.java:68)
at org.openqa.selenium.support.pagefactory.internal.LocatingElementHandler.invoke(LocatingElementHandler.java:38)
at jdk.proxy2/jdk.proxy2.$Proxy25.click(Unknown Source)
at dsAlgo_PageFactory.Home_PageFactory.dataStructureDropDownClick(Home_PageFactory.java:61)
at dsAlgo_StepDefinition.Home.user_selects_linked_list_from_the_dropdown_without_signing_in(Home.java:72)
at ✽.User selects Linked List from the dropdown without signing in(file:///C:/Users/rinuh/eclipse-workspace/DsAlgo_CodeCrackers/src/test/resources/features/A_Home.feature:17)
]]>
    </error>
  </testcase> <!-- runScenario -->
  <testcase classname="dsAlgo_TestRunner.TestRunner" name="runScenario" time="0.052">
    <error message="Cannot invoke &quot;org.openqa.selenium.SearchContext.findElement(org.openqa.selenium.By)&quot; because &quot;this.searchContext&quot; is null" type="java.lang.NullPointerException">
      <![CDATA[java.lang.NullPointerException: Cannot invoke "org.openqa.selenium.SearchContext.findElement(org.openqa.selenium.By)" because "this.searchContext" is null
at org.openqa.selenium.support.pagefactory.DefaultElementLocator.findElement(DefaultElementLocator.java:68)
at org.openqa.selenium.support.pagefactory.internal.LocatingElementHandler.invoke(LocatingElementHandler.java:38)
at jdk.proxy2/jdk.proxy2.$Proxy25.isDisplayed(Unknown Source)
at dsAlgo_PageFactory.LinkedList_PageFactory.runBtnDisplayed(LinkedList_PageFactory.java:129)
at dsAlgo_StepDefinition.LinkedList.the_user_is_in_the_try_editor_page_for_the_introduction_page(LinkedList.java:172)
at ✽.The user is in the Try Editor page for the Introduction page(file:///C:/Users/rinuh/eclipse-workspace/DsAlgo_CodeCrackers/src/test/resources/features/D_LinkedList.feature:56)
]]>
    </error>
  </testcase> <!-- runScenario -->
  <testcase classname="dsAlgo_TestRunner.TestRunner" name="runScenario" time="0.016">
    <error message="Cannot invoke &quot;org.openqa.selenium.WebDriver.get(String)&quot; because &quot;this.driver&quot; is null" type="java.lang.NullPointerException">
      <![CDATA[java.lang.NullPointerException: Cannot invoke "org.openqa.selenium.WebDriver.get(String)" because "this.driver" is null
at dsAlgo_PageFactory.Home_PageFactory.launchURL(Home_PageFactory.java:45)
at dsAlgo_StepDefinition.Login.the_user_clicks_the_sign_in_link_from_the_portal(Login.java:118)
at ✽.The user clicks the Sign In link from the portal(file:///C:/Users/rinuh/eclipse-workspace/DsAlgo_CodeCrackers/src/test/resources/features/C_Login.feature:42)
]]>
    </error>
  </testcase> <!-- runScenario -->
  <testcase classname="dsAlgo_TestRunner.TestRunner" name="runScenario" time="0.022">
    <error message="Cannot invoke &quot;org.openqa.selenium.SearchContext.findElement(org.openqa.selenium.By)&quot; because &quot;this.searchContext&quot; is null" type="java.lang.NullPointerException">
      <![CDATA[java.lang.NullPointerException: Cannot invoke "org.openqa.selenium.SearchContext.findElement(org.openqa.selenium.By)" because "this.searchContext" is null
at org.openqa.selenium.support.pagefactory.DefaultElementLocator.findElement(DefaultElementLocator.java:68)
at org.openqa.selenium.support.pagefactory.internal.LocatingElementHandler.invoke(LocatingElementHandler.java:38)
at jdk.proxy2/jdk.proxy2.$Proxy25.isDisplayed(Unknown Source)
at dsAlgo_PageFactory.Register_PageFactory.registerBtnDisplayed(Register_PageFactory.java:37)
at dsAlgo_StepDefinition.Register.user_is_in_the_register_page_after_clicking_register_link_in_the_home_page(Register.java:60)
at ✽.User is in the Register page after clicking Register link in the home page(file:///C:/Users/rinuh/eclipse-workspace/DsAlgo_CodeCrackers/src/test/resources/features/B_Register.feature:38)
]]>
    </error>
  </testcase> <!-- runScenario -->
  <testcase classname="dsAlgo_TestRunner.TestRunner" name="runScenario" time="0.013">
    <error message="Cannot invoke &quot;org.openqa.selenium.SearchContext.findElement(org.openqa.selenium.By)&quot; because &quot;this.searchContext&quot; is null" type="java.lang.NullPointerException">
      <![CDATA[java.lang.NullPointerException: Cannot invoke "org.openqa.selenium.SearchContext.findElement(org.openqa.selenium.By)" because "this.searchContext" is null
at org.openqa.selenium.support.pagefactory.DefaultElementLocator.findElement(DefaultElementLocator.java:68)
at org.openqa.selenium.support.pagefactory.internal.LocatingElementHandler.invoke(LocatingElementHandler.java:38)
at jdk.proxy2/jdk.proxy2.$Proxy25.isDisplayed(Unknown Source)
at dsAlgo_PageFactory.Register_PageFactory.registerBtnDisplayed(Register_PageFactory.java:37)
at dsAlgo_StepDefinition.Register.user_is_in_the_register_page_after_clicking_register_link_in_the_home_page(Register.java:60)
at ✽.User is in the Register page after clicking Register link in the home page(file:///C:/Users/rinuh/eclipse-workspace/DsAlgo_CodeCrackers/src/test/resources/features/B_Register.feature:14)
]]>
    </error>
  </testcase> <!-- runScenario -->
  <testcase classname="dsAlgo_TestRunner.TestRunner" name="runScenario" time="0.015">
    <error message="Cannot invoke &quot;org.openqa.selenium.SearchContext.findElement(org.openqa.selenium.By)&quot; because &quot;this.searchContext&quot; is null" type="java.lang.NullPointerException">
      <![CDATA[java.lang.NullPointerException: Cannot invoke "org.openqa.selenium.SearchContext.findElement(org.openqa.selenium.By)" because "this.searchContext" is null
at org.openqa.selenium.support.pagefactory.DefaultElementLocator.findElement(DefaultElementLocator.java:68)
at org.openqa.selenium.support.pagefactory.internal.LocatingElementHandler.invoke(LocatingElementHandler.java:38)
at jdk.proxy2/jdk.proxy2.$Proxy25.isDisplayed(Unknown Source)
at dsAlgo_PageFactory.Register_PageFactory.registerBtnDisplayed(Register_PageFactory.java:37)
at dsAlgo_StepDefinition.Register.user_is_in_the_register_page_after_clicking_register_link_in_the_home_page(Register.java:60)
at ✽.User is in the Register page after clicking Register link in the home page(file:///C:/Users/rinuh/eclipse-workspace/DsAlgo_CodeCrackers/src/test/resources/features/B_Register.feature:50)
]]>
    </error>
  </testcase> <!-- runScenario -->
  <testcase classname="dsAlgo_TestRunner.TestRunner" name="runScenario" time="0.013">
    <error message="Cannot invoke &quot;org.openqa.selenium.SearchContext.findElement(org.openqa.selenium.By)&quot; because &quot;this.searchContext&quot; is null" type="java.lang.NullPointerException">
      <![CDATA[java.lang.NullPointerException: Cannot invoke "org.openqa.selenium.SearchContext.findElement(org.openqa.selenium.By)" because "this.searchContext" is null
at org.openqa.selenium.support.pagefactory.DefaultElementLocator.findElement(DefaultElementLocator.java:68)
at org.openqa.selenium.support.pagefactory.internal.LocatingElementHandler.invoke(LocatingElementHandler.java:38)
at jdk.proxy2/jdk.proxy2.$Proxy25.isEnabled(Unknown Source)
at dsAlgo_PageFactory.LinkedList_PageFactory.implementLinkedListLinkEnabled(LinkedList_PageFactory.java:69)
at dsAlgo_StepDefinition.LinkedList.the_user_checks_whether_the_implement_linked_list_in_python_link_is_enabled(LinkedList.java:120)
at ✽.The user checks whether the Implement Linked List in Python link is enabled(file:///C:/Users/rinuh/eclipse-workspace/DsAlgo_CodeCrackers/src/test/resources/features/D_LinkedList.feature:31)
]]>
    </error>
  </testcase> <!-- runScenario -->
  <testcase classname="dsAlgo_TestRunner.TestRunner" name="runScenario" time="0.030">
    <error message="Cannot invoke &quot;org.openqa.selenium.SearchContext.findElement(org.openqa.selenium.By)&quot; because &quot;this.searchContext&quot; is null" type="java.lang.NullPointerException">
      <![CDATA[java.lang.NullPointerException: Cannot invoke "org.openqa.selenium.SearchContext.findElement(org.openqa.selenium.By)" because "this.searchContext" is null
at org.openqa.selenium.support.pagefactory.DefaultElementLocator.findElement(DefaultElementLocator.java:68)
at org.openqa.selenium.support.pagefactory.internal.LocatingElementHandler.invoke(LocatingElementHandler.java:38)
at jdk.proxy2/jdk.proxy2.$Proxy25.isDisplayed(Unknown Source)
at dsAlgo_PageFactory.Register_PageFactory.registerBtnDisplayed(Register_PageFactory.java:37)
at dsAlgo_StepDefinition.Register.user_is_in_the_register_page_after_clicking_register_link_in_the_home_page(Register.java:60)
at ✽.User is in the Register page after clicking Register link in the home page(file:///C:/Users/rinuh/eclipse-workspace/DsAlgo_CodeCrackers/src/test/resources/features/B_Register.feature:14)
]]>
    </error>
  </testcase> <!-- runScenario -->
  <testcase classname="dsAlgo_TestRunner.TestRunner" name="runScenario" time="0.017">
    <error message="Cannot invoke &quot;org.openqa.selenium.SearchContext.findElement(org.openqa.selenium.By)&quot; because &quot;this.searchContext&quot; is null" type="java.lang.NullPointerException">
      <![CDATA[java.lang.NullPointerException: Cannot invoke "org.openqa.selenium.SearchContext.findElement(org.openqa.selenium.By)" because "this.searchContext" is null
at org.openqa.selenium.support.pagefactory.DefaultElementLocator.findElement(DefaultElementLocator.java:68)
at org.openqa.selenium.support.pagefactory.internal.LocatingElementHandler.invoke(LocatingElementHandler.java:38)
at jdk.proxy2/jdk.proxy2.$Proxy25.isEnabled(Unknown Source)
at dsAlgo_PageFactory.LinkedList_PageFactory.traversalLinkEnabled(LinkedList_PageFactory.java:72)
at dsAlgo_StepDefinition.LinkedList.the_user_checks_whether_the_traversal_link_is_enabled(LinkedList.java:128)
at ✽.The user checks whether the Traversal link is enabled(file:///C:/Users/rinuh/eclipse-workspace/DsAlgo_CodeCrackers/src/test/resources/features/D_LinkedList.feature:35)
]]>
    </error>
  </testcase> <!-- runScenario -->
  <testcase classname="dsAlgo_TestRunner.TestRunner" name="runScenario" time="0.067">
    <error message="Cannot invoke &quot;org.openqa.selenium.SearchContext.findElement(org.openqa.selenium.By)&quot; because &quot;this.searchContext&quot; is null" type="java.lang.NullPointerException">
      <![CDATA[java.lang.NullPointerException: Cannot invoke "org.openqa.selenium.SearchContext.findElement(org.openqa.selenium.By)" because "this.searchContext" is null
at org.openqa.selenium.support.pagefactory.DefaultElementLocator.findElement(DefaultElementLocator.java:68)
at org.openqa.selenium.support.pagefactory.internal.LocatingElementHandler.invoke(LocatingElementHandler.java:38)
at jdk.proxy2/jdk.proxy2.$Proxy25.click(Unknown Source)
at dsAlgo_PageFactory.Home_PageFactory.dataStructureDropDownClick(Home_PageFactory.java:61)
at dsAlgo_StepDefinition.Home.user_selects_stack_from_the_dropdown_without_signing_in(Home.java:78)
at ✽.User selects Stack from the dropdown without signing in(file:///C:/Users/rinuh/eclipse-workspace/DsAlgo_CodeCrackers/src/test/resources/features/A_Home.feature:21)
]]>
    </error>
  </testcase> <!-- runScenario -->
  <testcase classname="dsAlgo_TestRunner.TestRunner" name="runScenario" time="0.049">
    <error message="Cannot invoke &quot;org.openqa.selenium.WebDriver.getCurrentUrl()&quot; because &quot;this.driver&quot; is null" type="java.lang.NullPointerException">
      <![CDATA[java.lang.NullPointerException: Cannot invoke "org.openqa.selenium.WebDriver.getCurrentUrl()" because "this.driver" is null
at dsAlgo_StepDefinition.LinkedList.user_clicks_on_the_get_started_button_under_linked_list_section(LinkedList.java:73)
at ✽.User clicks on the Get Started button under Linked List section(file:///C:/Users/rinuh/eclipse-workspace/DsAlgo_CodeCrackers/src/test/resources/features/D_LinkedList.feature:14)
]]>
    </error>
  </testcase> <!-- runScenario -->
  <testcase classname="dsAlgo_TestRunner.TestRunner" name="runScenario" time="0.047">
    <error message="Cannot invoke &quot;org.openqa.selenium.SearchContext.findElement(org.openqa.selenium.By)&quot; because &quot;this.searchContext&quot; is null" type="java.lang.NullPointerException">
      <![CDATA[java.lang.NullPointerException: Cannot invoke "org.openqa.selenium.SearchContext.findElement(org.openqa.selenium.By)" because "this.searchContext" is null
at org.openqa.selenium.support.pagefactory.DefaultElementLocator.findElement(DefaultElementLocator.java:68)
at org.openqa.selenium.support.pagefactory.internal.LocatingElementHandler.invoke(LocatingElementHandler.java:38)
at jdk.proxy2/jdk.proxy2.$Proxy25.click(Unknown Source)
at dsAlgo_PageFactory.Home_PageFactory.dataStructureDropDownClick(Home_PageFactory.java:61)
at dsAlgo_StepDefinition.Home.user_selects_queue_from_the_dropdown_without_signing_in(Home.java:84)
at ✽.User selects Queue from the dropdown without signing in(file:///C:/Users/rinuh/eclipse-workspace/DsAlgo_CodeCrackers/src/test/resources/features/A_Home.feature:25)
]]>
    </error>
  </testcase> <!-- runScenario -->
  <testcase classname="dsAlgo_TestRunner.TestRunner" name="runScenario" time="0.013">
    <error message="Cannot invoke &quot;org.openqa.selenium.WebDriver.get(String)&quot; because &quot;this.driver&quot; is null" type="java.lang.NullPointerException">
      <![CDATA[java.lang.NullPointerException: Cannot invoke "org.openqa.selenium.WebDriver.get(String)" because "this.driver" is null
at dsAlgo_PageFactory.Home_PageFactory.launchURL(Home_PageFactory.java:45)
at dsAlgo_StepDefinition.Home.user_is_in_the_ds_algo_launch_page(Home.java:26)
at ✽.User is in the ds-algo launch page(file:///C:/Users/rinuh/eclipse-workspace/DsAlgo_CodeCrackers/src/test/resources/features/C_Login.feature:4)
]]>
    </error>
  </testcase> <!-- runScenario -->
  <testcase classname="dsAlgo_TestRunner.TestRunner" name="runScenario" time="0.010">
    <error message="Cannot invoke &quot;org.openqa.selenium.WebDriver.manage()&quot; because &quot;this.driver&quot; is null" type="java.lang.NullPointerException">
      <![CDATA[java.lang.NullPointerException: Cannot invoke "org.openqa.selenium.WebDriver.manage()" because "this.driver" is null
at dsAlgo_StepDefinition.Register.user_is_in_the_register_page_to_enter_username_password_and_password_confirmation(Register.java:162)
at ✽.User is in the Register page to enter username, password and password confirmation(file:///C:/Users/rinuh/eclipse-workspace/DsAlgo_CodeCrackers/src/test/resources/features/B_Register.feature:73)
]]>
    </error>
  </testcase> <!-- runScenario -->
  <testcase classname="dsAlgo_TestRunner.TestRunner" name="runScenario" time="3.050">
    <error message="Cannot invoke &quot;org.openqa.selenium.SearchContext.findElement(org.openqa.selenium.By)&quot; because &quot;this.searchContext&quot; is null" type="java.lang.NullPointerException">
      <![CDATA[java.lang.NullPointerException: Cannot invoke "org.openqa.selenium.SearchContext.findElement(org.openqa.selenium.By)" because "this.searchContext" is null
at org.openqa.selenium.support.pagefactory.DefaultElementLocator.findElement(DefaultElementLocator.java:68)
at org.openqa.selenium.support.pagefactory.internal.LocatingElementHandler.invoke(LocatingElementHandler.java:38)
at jdk.proxy2/jdk.proxy2.$Proxy25.click(Unknown Source)
at dsAlgo_PageFactory.Home_PageFactory.getStartedHomeBtnClick(Home_PageFactory.java:49)
at dsAlgo_StepDefinition.Home.the_user_is_on_the_sign_in_page(Home.java:123)
at ✽.The user is on the Sign In page(file:///C:/Users/rinuh/eclipse-workspace/DsAlgo_CodeCrackers/src/test/resources/features/A_Home.feature:46)
]]>
    </error>
  </testcase> <!-- runScenario -->
  <testcase classname="dsAlgo_TestRunner.TestRunner" name="runScenario" time="0.016">
    <error message="Cannot invoke &quot;org.openqa.selenium.SearchContext.findElement(org.openqa.selenium.By)&quot; because &quot;this.searchContext&quot; is null" type="java.lang.NullPointerException">
      <![CDATA[java.lang.NullPointerException: Cannot invoke "org.openqa.selenium.SearchContext.findElement(org.openqa.selenium.By)" because "this.searchContext" is null
at org.openqa.selenium.support.pagefactory.DefaultElementLocator.findElement(DefaultElementLocator.java:68)
at org.openqa.selenium.support.pagefactory.internal.LocatingElementHandler.invoke(LocatingElementHandler.java:38)
at jdk.proxy2/jdk.proxy2.$Proxy25.isDisplayed(Unknown Source)
at dsAlgo_PageFactory.Register_PageFactory.registerBtnDisplayed(Register_PageFactory.java:37)
at dsAlgo_StepDefinition.Register.user_is_in_the_register_page_after_clicking_register_link_in_the_home_page(Register.java:60)
at ✽.User is in the Register page after clicking Register link in the home page(file:///C:/Users/rinuh/eclipse-workspace/DsAlgo_CodeCrackers/src/test/resources/features/B_Register.feature:50)
]]>
    </error>
  </testcase> <!-- runScenario -->
  <testcase classname="dsAlgo_TestRunner.TestRunner" name="runScenario" time="0.023">
    <error message="Cannot invoke &quot;org.openqa.selenium.SearchContext.findElement(org.openqa.selenium.By)&quot; because &quot;this.searchContext&quot; is null" type="java.lang.NullPointerException">
      <![CDATA[java.lang.NullPointerException: Cannot invoke "org.openqa.selenium.SearchContext.findElement(org.openqa.selenium.By)" because "this.searchContext" is null
at org.openqa.selenium.support.pagefactory.DefaultElementLocator.findElement(DefaultElementLocator.java:68)
at org.openqa.selenium.support.pagefactory.internal.LocatingElementHandler.invoke(LocatingElementHandler.java:38)
at jdk.proxy2/jdk.proxy2.$Proxy25.isDisplayed(Unknown Source)
at dsAlgo_PageFactory.Register_PageFactory.registerBtnDisplayed(Register_PageFactory.java:37)
at dsAlgo_StepDefinition.Register.user_is_in_the_register_page_after_clicking_register_link_in_the_home_page(Register.java:60)
at ✽.User is in the Register page after clicking Register link in the home page(file:///C:/Users/rinuh/eclipse-workspace/DsAlgo_CodeCrackers/src/test/resources/features/B_Register.feature:14)
]]>
    </error>
  </testcase> <!-- runScenario -->
  <testcase classname="dsAlgo_TestRunner.TestRunner" name="runScenario" time="0.015">
    <error message="Cannot invoke &quot;org.openqa.selenium.SearchContext.findElement(org.openqa.selenium.By)&quot; because &quot;this.searchContext&quot; is null" type="java.lang.NullPointerException">
      <![CDATA[java.lang.NullPointerException: Cannot invoke "org.openqa.selenium.SearchContext.findElement(org.openqa.selenium.By)" because "this.searchContext" is null
at org.openqa.selenium.support.pagefactory.DefaultElementLocator.findElement(DefaultElementLocator.java:68)
at org.openqa.selenium.support.pagefactory.internal.LocatingElementHandler.invoke(LocatingElementHandler.java:38)
at jdk.proxy2/jdk.proxy2.$Proxy25.isEnabled(Unknown Source)
at dsAlgo_PageFactory.LinkedList_PageFactory.typesOfLinkedListLinkEnabled(LinkedList_PageFactory.java:66)
at dsAlgo_StepDefinition.LinkedList.the_user_checks_whether_the_types_of_linked_list_link_is_enabled(LinkedList.java:112)
at ✽.The user checks whether the Types of Linked List link is enabled(file:///C:/Users/rinuh/eclipse-workspace/DsAlgo_CodeCrackers/src/test/resources/features/D_LinkedList.feature:27)
]]>
    </error>
  </testcase> <!-- runScenario -->
  <testcase classname="dsAlgo_TestRunner.TestRunner" name="runScenario" time="0.060">
    <error message="Cannot invoke &quot;org.openqa.selenium.SearchContext.findElement(org.openqa.selenium.By)&quot; because &quot;this.searchContext&quot; is null" type="java.lang.NullPointerException">
      <![CDATA[java.lang.NullPointerException: Cannot invoke "org.openqa.selenium.SearchContext.findElement(org.openqa.selenium.By)" because "this.searchContext" is null
at org.openqa.selenium.support.pagefactory.DefaultElementLocator.findElement(DefaultElementLocator.java:68)
at org.openqa.selenium.support.pagefactory.internal.LocatingElementHandler.invoke(LocatingElementHandler.java:38)
at jdk.proxy2/jdk.proxy2.$Proxy25.isDisplayed(Unknown Source)
at dsAlgo_PageFactory.Register_PageFactory.registerBtnDisplayed(Register_PageFactory.java:37)
at dsAlgo_StepDefinition.Register.user_is_in_the_register_page_after_clicking_register_link_in_the_home_page(Register.java:60)
at ✽.User is in the Register page after clicking Register link in the home page(file:///C:/Users/rinuh/eclipse-workspace/DsAlgo_CodeCrackers/src/test/resources/features/B_Register.feature:14)
]]>
    </error>
  </testcase> <!-- runScenario -->
  <testcase classname="dsAlgo_TestRunner.TestRunner" name="runScenario" time="0.022">
    <error message="Cannot invoke &quot;org.openqa.selenium.SearchContext.findElement(org.openqa.selenium.By)&quot; because &quot;this.searchContext&quot; is null" type="java.lang.NullPointerException">
      <![CDATA[java.lang.NullPointerException: Cannot invoke "org.openqa.selenium.SearchContext.findElement(org.openqa.selenium.By)" because "this.searchContext" is null
at org.openqa.selenium.support.pagefactory.DefaultElementLocator.findElement(DefaultElementLocator.java:68)
at org.openqa.selenium.support.pagefactory.internal.LocatingElementHandler.invoke(LocatingElementHandler.java:38)
at jdk.proxy2/jdk.proxy2.$Proxy25.isDisplayed(Unknown Source)
at dsAlgo_PageFactory.Register_PageFactory.registerBtnDisplayed(Register_PageFactory.java:37)
at dsAlgo_StepDefinition.Register.user_is_in_the_register_page_after_clicking_register_link_in_the_home_page(Register.java:60)
at ✽.User is in the Register page after clicking Register link in the home page(file:///C:/Users/rinuh/eclipse-workspace/DsAlgo_CodeCrackers/src/test/resources/features/B_Register.feature:50)
]]>
    </error>
  </testcase> <!-- runScenario -->
  <testcase classname="dsAlgo_TestRunner.TestRunner" name="runScenario" time="0.015">
    <error message="Cannot invoke &quot;org.openqa.selenium.SearchContext.findElement(org.openqa.selenium.By)&quot; because &quot;this.searchContext&quot; is null" type="java.lang.NullPointerException">
      <![CDATA[java.lang.NullPointerException: Cannot invoke "org.openqa.selenium.SearchContext.findElement(org.openqa.selenium.By)" because "this.searchContext" is null
at org.openqa.selenium.support.pagefactory.DefaultElementLocator.findElement(DefaultElementLocator.java:68)
at org.openqa.selenium.support.pagefactory.internal.LocatingElementHandler.invoke(LocatingElementHandler.java:38)
at jdk.proxy2/jdk.proxy2.$Proxy25.isEnabled(Unknown Source)
at dsAlgo_PageFactory.LinkedList_PageFactory.creatingLinkedListLinkEnabled(LinkedList_PageFactory.java:63)
at dsAlgo_StepDefinition.LinkedList.the_user_checks_whether_the_creating_linked_list_link_is_enabled(LinkedList.java:104)
at ✽.The user checks whether the Creating Linked List link is enabled(file:///C:/Users/rinuh/eclipse-workspace/DsAlgo_CodeCrackers/src/test/resources/features/D_LinkedList.feature:23)
]]>
    </error>
  </testcase> <!-- runScenario -->
  <testcase classname="dsAlgo_TestRunner.TestRunner" name="runScenario" time="0.011">
    <error message="Cannot invoke &quot;org.openqa.selenium.SearchContext.findElement(org.openqa.selenium.By)&quot; because &quot;this.searchContext&quot; is null" type="java.lang.NullPointerException">
      <![CDATA[java.lang.NullPointerException: Cannot invoke "org.openqa.selenium.SearchContext.findElement(org.openqa.selenium.By)" because "this.searchContext" is null
at org.openqa.selenium.support.pagefactory.DefaultElementLocator.findElement(DefaultElementLocator.java:68)
at org.openqa.selenium.support.pagefactory.internal.LocatingElementHandler.invoke(LocatingElementHandler.java:38)
at jdk.proxy2/jdk.proxy2.$Proxy25.isDisplayed(Unknown Source)
at dsAlgo_PageFactory.LinkedList_PageFactory.introductionTitleDisplayed(LinkedList_PageFactory.java:102)
at dsAlgo_StepDefinition.LinkedList.the_user_is_in_the_introduction_page(LinkedList.java:160)
at ✽.The user is in the Introduction page(file:///C:/Users/rinuh/eclipse-workspace/DsAlgo_CodeCrackers/src/test/resources/features/D_LinkedList.feature:51)
]]>
    </error>
  </testcase> <!-- runScenario -->
  <testcase classname="dsAlgo_TestRunner.TestRunner" name="runScenario" time="0.858">
    <error message="Cannot invoke &quot;org.openqa.selenium.SearchContext.findElement(org.openqa.selenium.By)&quot; because &quot;this.searchContext&quot; is null" type="java.lang.NullPointerException">
      <![CDATA[java.lang.NullPointerException: Cannot invoke "org.openqa.selenium.SearchContext.findElement(org.openqa.selenium.By)" because "this.searchContext" is null
at org.openqa.selenium.support.pagefactory.DefaultElementLocator.findElement(DefaultElementLocator.java:68)
at org.openqa.selenium.support.pagefactory.internal.LocatingElementHandler.invoke(LocatingElementHandler.java:38)
at jdk.proxy2/jdk.proxy2.$Proxy25.clear(Unknown Source)
at dsAlgo_StepDefinition.Register.the_user_enters_data_from_excel_sheet_and_for_all_the_fields_to_be_left_blank(Register.java:141)
at ✽.The user enters data from excel sheet 'Register' and 14 for all the fields to be left blank(file:///C:/Users/rinuh/eclipse-workspace/DsAlgo_CodeCrackers/src/test/resources/features/B_Register.feature:62)
]]>
    </error>
  </testcase> <!-- runScenario -->
  <testcase classname="dsAlgo_TestRunner.TestRunner" name="runScenario" time="0.051">
    <error message="Cannot invoke &quot;org.openqa.selenium.SearchContext.findElement(org.openqa.selenium.By)&quot; because &quot;this.searchContext&quot; is null" type="java.lang.NullPointerException">
      <![CDATA[java.lang.NullPointerException: Cannot invoke "org.openqa.selenium.SearchContext.findElement(org.openqa.selenium.By)" because "this.searchContext" is null
at org.openqa.selenium.support.pagefactory.DefaultElementLocator.findElement(DefaultElementLocator.java:68)
at org.openqa.selenium.support.pagefactory.internal.LocatingElementHandler.invoke(LocatingElementHandler.java:38)
at jdk.proxy2/jdk.proxy2.$Proxy25.clear(Unknown Source)
at dsAlgo_StepDefinition.Register.the_user_enters_data_from_excel_sheet_and_for_all_the_fields_to_be_left_blank(Register.java:141)
at ✽.The user enters data from excel sheet 'Register' and 16 for all the fields to be left blank(file:///C:/Users/rinuh/eclipse-workspace/DsAlgo_CodeCrackers/src/test/resources/features/B_Register.feature:62)
]]>
    </error>
  </testcase> <!-- runScenario -->
  <testcase classname="dsAlgo_TestRunner.TestRunner" name="runScenario" time="0.026">
    <error message="Cannot invoke &quot;org.openqa.selenium.SearchContext.findElement(org.openqa.selenium.By)&quot; because &quot;this.searchContext&quot; is null" type="java.lang.NullPointerException">
      <![CDATA[java.lang.NullPointerException: Cannot invoke "org.openqa.selenium.SearchContext.findElement(org.openqa.selenium.By)" because "this.searchContext" is null
at org.openqa.selenium.support.pagefactory.DefaultElementLocator.findElement(DefaultElementLocator.java:68)
at org.openqa.selenium.support.pagefactory.internal.LocatingElementHandler.invoke(LocatingElementHandler.java:38)
at jdk.proxy2/jdk.proxy2.$Proxy25.isDisplayed(Unknown Source)
at dsAlgo_PageFactory.LinkedList_PageFactory.linkedListTitleDisplayed(LinkedList_PageFactory.java:57)
at dsAlgo_StepDefinition.LinkedList.the_user_is_in_the_linked_list_page_after_sign_in(LinkedList.java:92)
at ✽.The user is in the Linked List page after Sign-In(file:///C:/Users/rinuh/eclipse-workspace/DsAlgo_CodeCrackers/src/test/resources/features/D_LinkedList.feature:18)
]]>
    </error>
  </testcase> <!-- runScenario -->
  <testcase classname="dsAlgo_TestRunner.TestRunner" name="runScenario" time="0.025">
    <error message="Cannot invoke &quot;org.openqa.selenium.SearchContext.findElement(org.openqa.selenium.By)&quot; because &quot;this.searchContext&quot; is null" type="java.lang.NullPointerException">
      <![CDATA[java.lang.NullPointerException: Cannot invoke "org.openqa.selenium.SearchContext.findElement(org.openqa.selenium.By)" because "this.searchContext" is null
at org.openqa.selenium.support.pagefactory.DefaultElementLocator.findElement(DefaultElementLocator.java:68)
at org.openqa.selenium.support.pagefactory.internal.LocatingElementHandler.invoke(LocatingElementHandler.java:38)
at jdk.proxy2/jdk.proxy2.$Proxy25.click(Unknown Source)
at dsAlgo_PageFactory.Home_PageFactory.randomClickMethod(Home_PageFactory.java:89)
at dsAlgo_StepDefinition.Home.user_clicks_on_the_launch_page_other_than_the_get_started_button(Home.java:112)
at ✽.User clicks on the launch page other than the Get Started button(file:///C:/Users/rinuh/eclipse-workspace/DsAlgo_CodeCrackers/src/test/resources/features/A_Home.feature:42)
]]>
    </error>
  </testcase> <!-- runScenario -->
  <testcase classname="dsAlgo_TestRunner.TestRunner" name="runScenario" time="0.012">
    <error message="Cannot invoke &quot;org.openqa.selenium.SearchContext.findElement(org.openqa.selenium.By)&quot; because &quot;this.searchContext&quot; is null" type="java.lang.NullPointerException">
      <![CDATA[java.lang.NullPointerException: Cannot invoke "org.openqa.selenium.SearchContext.findElement(org.openqa.selenium.By)" because "this.searchContext" is null
at org.openqa.selenium.support.pagefactory.DefaultElementLocator.findElement(DefaultElementLocator.java:68)
at org.openqa.selenium.support.pagefactory.internal.LocatingElementHandler.invoke(LocatingElementHandler.java:38)
at jdk.proxy2/jdk.proxy2.$Proxy25.isDisplayed(Unknown Source)
at dsAlgo_PageFactory.Register_PageFactory.registerBtnDisplayed(Register_PageFactory.java:37)
at dsAlgo_StepDefinition.Register.user_is_in_the_register_page_after_clicking_register_link_in_the_home_page(Register.java:60)
at ✽.User is in the Register page after clicking Register link in the home page(file:///C:/Users/rinuh/eclipse-workspace/DsAlgo_CodeCrackers/src/test/resources/features/B_Register.feature:38)
]]>
    </error>
  </testcase> <!-- runScenario -->
  <testcase classname="dsAlgo_TestRunner.TestRunner" name="runScenario" time="0.025">
    <error message="Cannot invoke &quot;org.openqa.selenium.SearchContext.findElement(org.openqa.selenium.By)&quot; because &quot;this.searchContext&quot; is null" type="java.lang.NullPointerException">
      <![CDATA[java.lang.NullPointerException: Cannot invoke "org.openqa.selenium.SearchContext.findElement(org.openqa.selenium.By)" because "this.searchContext" is null
at org.openqa.selenium.support.pagefactory.DefaultElementLocator.findElement(DefaultElementLocator.java:68)
at org.openqa.selenium.support.pagefactory.internal.LocatingElementHandler.invoke(LocatingElementHandler.java:38)
at jdk.proxy2/jdk.proxy2.$Proxy25.click(Unknown Source)
at dsAlgo_PageFactory.LinkedList_PageFactory.introductionLinkClick(LinkedList_PageFactory.java:81)
at dsAlgo_StepDefinition.LinkedList.the_user_clicks_introduction_link_in_the_linked_list_page(LinkedList.java:152)
at ✽.The user clicks Introduction link in the Linked List page(file:///C:/Users/rinuh/eclipse-workspace/DsAlgo_CodeCrackers/src/test/resources/features/D_LinkedList.feature:47)
]]>
    </error>
  </testcase> <!-- runScenario -->
  <testcase classname="dsAlgo_TestRunner.TestRunner" name="runScenario" time="0.045">
    <error message="Cannot invoke &quot;org.openqa.selenium.WebDriver.get(String)&quot; because &quot;this.driver&quot; is null" type="java.lang.NullPointerException">
      <![CDATA[java.lang.NullPointerException: Cannot invoke "org.openqa.selenium.WebDriver.get(String)" because "this.driver" is null
at dsAlgo_PageFactory.Home_PageFactory.launchURL(Home_PageFactory.java:45)
at dsAlgo_StepDefinition.Home.user_is_in_the_ds_algo_launch_page(Home.java:26)
at ✽.User is in the ds-algo launch page(file:///C:/Users/rinuh/eclipse-workspace/DsAlgo_CodeCrackers/src/test/resources/features/A_Home.feature:37)
]]>
    </error>
  </testcase> <!-- runScenario -->
  <testcase classname="dsAlgo_TestRunner.TestRunner" name="runScenario" time="0.013">
    <error message="Cannot invoke &quot;org.openqa.selenium.SearchContext.findElement(org.openqa.selenium.By)&quot; because &quot;this.searchContext&quot; is null" type="java.lang.NullPointerException">
      <![CDATA[java.lang.NullPointerException: Cannot invoke "org.openqa.selenium.SearchContext.findElement(org.openqa.selenium.By)" because "this.searchContext" is null
at org.openqa.selenium.support.pagefactory.DefaultElementLocator.findElement(DefaultElementLocator.java:68)
at org.openqa.selenium.support.pagefactory.internal.LocatingElementHandler.invoke(LocatingElementHandler.java:38)
at jdk.proxy2/jdk.proxy2.$Proxy25.click(Unknown Source)
at dsAlgo_PageFactory.Login_PageFactory.signInClick(Login_PageFactory.java:30)
at dsAlgo_StepDefinition.Login.the_user_gets_invalid_data_from_excel_sheet_and_for_the_login_page(Login.java:75)
at ✽.The user gets invalid data from excel sheet 'Login' and 4 for the login page(file:///C:/Users/rinuh/eclipse-workspace/DsAlgo_CodeCrackers/src/test/resources/features/C_Login.feature:33)
]]>
    </error>
  </testcase> <!-- runScenario -->
  <testcase classname="dsAlgo_TestRunner.TestRunner" name="runScenario" time="0.013">
    <error message="Cannot invoke &quot;org.openqa.selenium.SearchContext.findElement(org.openqa.selenium.By)&quot; because &quot;this.searchContext&quot; is null" type="java.lang.NullPointerException">
      <![CDATA[java.lang.NullPointerException: Cannot invoke "org.openqa.selenium.SearchContext.findElement(org.openqa.selenium.By)" because "this.searchContext" is null
at org.openqa.selenium.support.pagefactory.DefaultElementLocator.findElement(DefaultElementLocator.java:68)
at org.openqa.selenium.support.pagefactory.internal.LocatingElementHandler.invoke(LocatingElementHandler.java:38)
at jdk.proxy2/jdk.proxy2.$Proxy25.isDisplayed(Unknown Source)
at dsAlgo_PageFactory.LinkedList_PageFactory.runBtnDisplayed(LinkedList_PageFactory.java:129)
at dsAlgo_StepDefinition.LinkedList.the_user_is_in_the_try_editor_page_for_the_introduction_page(LinkedList.java:172)
at ✽.The user is in the Try Editor page for the Introduction page(file:///C:/Users/rinuh/eclipse-workspace/DsAlgo_CodeCrackers/src/test/resources/features/D_LinkedList.feature:56)
]]>
    </error>
  </testcase> <!-- runScenario -->
  <testcase classname="dsAlgo_TestRunner.TestRunner" name="runScenario" time="0.099">
    <error message="Cannot invoke &quot;org.openqa.selenium.SearchContext.findElement(org.openqa.selenium.By)&quot; because &quot;this.searchContext&quot; is null" type="java.lang.NullPointerException">
      <![CDATA[java.lang.NullPointerException: Cannot invoke "org.openqa.selenium.SearchContext.findElement(org.openqa.selenium.By)" because "this.searchContext" is null
at org.openqa.selenium.support.pagefactory.DefaultElementLocator.findElement(DefaultElementLocator.java:68)
at org.openqa.selenium.support.pagefactory.internal.LocatingElementHandler.invoke(LocatingElementHandler.java:38)
at jdk.proxy2/jdk.proxy2.$Proxy25.clear(Unknown Source)
at dsAlgo_StepDefinition.Register.the_user_enters_data_from_excel_sheet_and_for_all_the_fields_to_be_left_blank(Register.java:141)
at ✽.The user enters data from excel sheet 'Register' and 15 for all the fields to be left blank(file:///C:/Users/rinuh/eclipse-workspace/DsAlgo_CodeCrackers/src/test/resources/features/B_Register.feature:62)
]]>
    </error>
  </testcase> <!-- runScenario -->
  <testcase classname="dsAlgo_TestRunner.TestRunner" name="runScenario" time="0.011">
    <error message="Cannot invoke &quot;org.openqa.selenium.SearchContext.findElement(org.openqa.selenium.By)&quot; because &quot;this.searchContext&quot; is null" type="java.lang.NullPointerException">
      <![CDATA[java.lang.NullPointerException: Cannot invoke "org.openqa.selenium.SearchContext.findElement(org.openqa.selenium.By)" because "this.searchContext" is null
at org.openqa.selenium.support.pagefactory.DefaultElementLocator.findElement(DefaultElementLocator.java:68)
at org.openqa.selenium.support.pagefactory.internal.LocatingElementHandler.invoke(LocatingElementHandler.java:38)
at jdk.proxy2/jdk.proxy2.$Proxy25.isEnabled(Unknown Source)
at dsAlgo_PageFactory.LinkedList_PageFactory.insertionLinkEnabled(LinkedList_PageFactory.java:75)
at dsAlgo_StepDefinition.LinkedList.the_user_checks_whether_the_insertion_link_is_enabled(LinkedList.java:136)
at ✽.The user checks whether the Insertion link is enabled(file:///C:/Users/rinuh/eclipse-workspace/DsAlgo_CodeCrackers/src/test/resources/features/D_LinkedList.feature:39)
]]>
    </error>
  </testcase> <!-- runScenario -->
  <testcase classname="dsAlgo_TestRunner.TestRunner" name="runScenario" time="0.031">
    <error message="Cannot invoke &quot;org.openqa.selenium.SearchContext.findElement(org.openqa.selenium.By)&quot; because &quot;this.searchContext&quot; is null" type="java.lang.NullPointerException">
      <![CDATA[java.lang.NullPointerException: Cannot invoke "org.openqa.selenium.SearchContext.findElement(org.openqa.selenium.By)" because "this.searchContext" is null
at org.openqa.selenium.support.pagefactory.DefaultElementLocator.findElement(DefaultElementLocator.java:68)
at org.openqa.selenium.support.pagefactory.internal.LocatingElementHandler.invoke(LocatingElementHandler.java:38)
at jdk.proxy2/jdk.proxy2.$Proxy25.isDisplayed(Unknown Source)
at dsAlgo_PageFactory.Login_PageFactory.signInLoginBtnDisplayed(Login_PageFactory.java:34)
at dsAlgo_StepDefinition.Login.the_user_is_on_the_ds_algo_sign_in_page(Login.java:53)
at ✽.The user is on the DS Algo Sign In page(file:///C:/Users/rinuh/eclipse-workspace/DsAlgo_CodeCrackers/src/test/resources/features/C_Login.feature:23)
]]>
    </error>
  </testcase> <!-- runScenario -->
  <testcase classname="dsAlgo_TestRunner.TestRunner" name="runScenario" time="0.020">
    <error message="Cannot invoke &quot;org.openqa.selenium.SearchContext.findElement(org.openqa.selenium.By)&quot; because &quot;this.searchContext&quot; is null" type="java.lang.NullPointerException">
      <![CDATA[java.lang.NullPointerException: Cannot invoke "org.openqa.selenium.SearchContext.findElement(org.openqa.selenium.By)" because "this.searchContext" is null
at org.openqa.selenium.support.pagefactory.DefaultElementLocator.findElement(DefaultElementLocator.java:68)
at org.openqa.selenium.support.pagefactory.internal.LocatingElementHandler.invoke(LocatingElementHandler.java:38)
at jdk.proxy2/jdk.proxy2.$Proxy25.isDisplayed(Unknown Source)
at dsAlgo_PageFactory.LinkedList_PageFactory.runBtnDisplayed(LinkedList_PageFactory.java:129)
at dsAlgo_StepDefinition.LinkedList.the_user_is_in_the_try_editor_page_for_the_introduction_page(LinkedList.java:172)
at ✽.The user is in the Try Editor page for the Introduction page(file:///C:/Users/rinuh/eclipse-workspace/DsAlgo_CodeCrackers/src/test/resources/features/D_LinkedList.feature:56)
]]>
    </error>
  </testcase> <!-- runScenario -->
  <testcase classname="dsAlgo_TestRunner.TestRunner" name="runScenario" time="0.022">
    <error message="Cannot invoke &quot;org.openqa.selenium.SearchContext.findElement(org.openqa.selenium.By)&quot; because &quot;this.searchContext&quot; is null" type="java.lang.NullPointerException">
      <![CDATA[java.lang.NullPointerException: Cannot invoke "org.openqa.selenium.SearchContext.findElement(org.openqa.selenium.By)" because "this.searchContext" is null
at org.openqa.selenium.support.pagefactory.DefaultElementLocator.findElement(DefaultElementLocator.java:68)
at org.openqa.selenium.support.pagefactory.internal.LocatingElementHandler.invoke(LocatingElementHandler.java:38)
at jdk.proxy2/jdk.proxy2.$Proxy25.click(Unknown Source)
at dsAlgo_PageFactory.Login_PageFactory.signInClick(Login_PageFactory.java:30)
at dsAlgo_StepDefinition.Login.the_user_gets_invalid_data_from_excel_sheet_and_for_the_login_page(Login.java:75)
at ✽.The user gets invalid data from excel sheet 'Login' and 3 for the login page(file:///C:/Users/rinuh/eclipse-workspace/DsAlgo_CodeCrackers/src/test/resources/features/C_Login.feature:33)
]]>
    </error>
  </testcase> <!-- runScenario -->
  <testcase classname="dsAlgo_TestRunner.TestRunner" name="runScenario" time="0.021">
    <error message="Cannot invoke &quot;org.openqa.selenium.WebDriver.get(String)&quot; because &quot;this.driver&quot; is null" type="java.lang.NullPointerException">
      <![CDATA[java.lang.NullPointerException: Cannot invoke "org.openqa.selenium.WebDriver.get(String)" because "this.driver" is null
at dsAlgo_PageFactory.Home_PageFactory.launchURL(Home_PageFactory.java:45)
at dsAlgo_StepDefinition.Login.the_user_clicks_the_sign_in_link_from_the_portal(Login.java:118)
at ✽.The user clicks the Sign In link from the portal(file:///C:/Users/rinuh/eclipse-workspace/DsAlgo_CodeCrackers/src/test/resources/features/D_LinkedList.feature:4)
]]>
    </error>
  </testcase> <!-- runScenario -->
  <testcase classname="dsAlgo_TestRunner.TestRunner" name="runScenario" time="0.012">
    <error message="Cannot invoke &quot;org.openqa.selenium.SearchContext.findElement(org.openqa.selenium.By)&quot; because &quot;this.searchContext&quot; is null" type="java.lang.NullPointerException">
      <![CDATA[java.lang.NullPointerException: Cannot invoke "org.openqa.selenium.SearchContext.findElement(org.openqa.selenium.By)" because "this.searchContext" is null
at org.openqa.selenium.support.pagefactory.DefaultElementLocator.findElement(DefaultElementLocator.java:68)
at org.openqa.selenium.support.pagefactory.internal.LocatingElementHandler.invoke(LocatingElementHandler.java:38)
at jdk.proxy2/jdk.proxy2.$Proxy25.click(Unknown Source)
at dsAlgo_PageFactory.Login_PageFactory.signInClick(Login_PageFactory.java:30)
at dsAlgo_StepDefinition.Login.the_user_clicks_the_sign_in_link(Login.java:43)
at ✽.The user clicks the Sign In link(file:///C:/Users/rinuh/eclipse-workspace/DsAlgo_CodeCrackers/src/test/resources/features/C_Login.feature:9)
]]>
    </error>
  </testcase> <!-- runScenario -->
  <testcase classname="dsAlgo_TestRunner.TestRunner" name="runScenario" time="0.024">
    <error message="Cannot invoke &quot;org.openqa.selenium.WebDriver.get(String)&quot; because &quot;this.driver&quot; is null" type="java.lang.NullPointerException">
      <![CDATA[java.lang.NullPointerException: Cannot invoke "org.openqa.selenium.WebDriver.get(String)" because "this.driver" is null
at dsAlgo_PageFactory.Home_PageFactory.launchURL(Home_PageFactory.java:45)
at dsAlgo_StepDefinition.Home.user_is_in_the_ds_algo_launch_page(Home.java:26)
at ✽.User is in the ds-algo launch page(file:///C:/Users/rinuh/eclipse-workspace/DsAlgo_CodeCrackers/src/test/resources/features/B_Register.feature:4)
]]>
    </error>
  </testcase> <!-- runScenario -->
  <testcase classname="dsAlgo_TestRunner.TestRunner" name="runScenario" time="0.024">
    <error message="Cannot invoke &quot;org.openqa.selenium.SearchContext.findElement(org.openqa.selenium.By)&quot; because &quot;this.searchContext&quot; is null" type="java.lang.NullPointerException">
      <![CDATA[java.lang.NullPointerException: Cannot invoke "org.openqa.selenium.SearchContext.findElement(org.openqa.selenium.By)" because "this.searchContext" is null
at org.openqa.selenium.support.pagefactory.DefaultElementLocator.findElement(DefaultElementLocator.java:68)
at org.openqa.selenium.support.pagefactory.internal.LocatingElementHandler.invoke(LocatingElementHandler.java:38)
at jdk.proxy2/jdk.proxy2.$Proxy25.isDisplayed(Unknown Source)
at dsAlgo_PageFactory.Register_PageFactory.registerBtnDisplayed(Register_PageFactory.java:37)
at dsAlgo_StepDefinition.Register.user_is_in_the_register_page_after_clicking_register_link_in_the_home_page(Register.java:60)
at ✽.User is in the Register page after clicking Register link in the home page(file:///C:/Users/rinuh/eclipse-workspace/DsAlgo_CodeCrackers/src/test/resources/features/B_Register.feature:38)
]]>
    </error>
  </testcase> <!-- runScenario -->
  <testcase classname="dsAlgo_TestRunner.TestRunner" name="runScenario" time="0.040">
    <error message="Cannot invoke &quot;org.openqa.selenium.WebDriver.manage()&quot; because &quot;this.driver&quot; is null" type="java.lang.NullPointerException">
      <![CDATA[java.lang.NullPointerException: Cannot invoke "org.openqa.selenium.WebDriver.manage()" because "this.driver" is null
at dsAlgo_StepDefinition.Register.user_is_in_the_home_page_after_launching_ds_algo_portal_page(Register.java:37)
at ✽.User is in the home page after launching ds-algo portal page(file:///C:/Users/rinuh/eclipse-workspace/DsAlgo_CodeCrackers/src/test/resources/features/B_Register.feature:9)
]]>
    </error>
  </testcase> <!-- runScenario -->
  <testcase classname="dsAlgo_TestRunner.TestRunner" name="runScenario" time="0.021">
    <error message="Cannot invoke &quot;org.openqa.selenium.SearchContext.findElement(org.openqa.selenium.By)&quot; because &quot;this.searchContext&quot; is null" type="java.lang.NullPointerException">
      <![CDATA[java.lang.NullPointerException: Cannot invoke "org.openqa.selenium.SearchContext.findElement(org.openqa.selenium.By)" because "this.searchContext" is null
at org.openqa.selenium.support.pagefactory.DefaultElementLocator.findElement(DefaultElementLocator.java:68)
at org.openqa.selenium.support.pagefactory.internal.LocatingElementHandler.invoke(LocatingElementHandler.java:38)
at jdk.proxy2/jdk.proxy2.$Proxy25.isDisplayed(Unknown Source)
at dsAlgo_PageFactory.Login_PageFactory.signInLoginBtnDisplayed(Login_PageFactory.java:34)
at dsAlgo_StepDefinition.Login.the_user_is_on_the_ds_algo_sign_in_page(Login.java:53)
at ✽.The user is on the DS Algo Sign In page(file:///C:/Users/rinuh/eclipse-workspace/DsAlgo_CodeCrackers/src/test/resources/features/C_Login.feature:23)
]]>
    </error>
  </testcase> <!-- runScenario -->
  <testcase classname="dsAlgo_TestRunner.TestRunner" name="runScenario" time="0.013">
    <error message="Cannot invoke &quot;org.openqa.selenium.SearchContext.findElement(org.openqa.selenium.By)&quot; because &quot;this.searchContext&quot; is null" type="java.lang.NullPointerException">
      <![CDATA[java.lang.NullPointerException: Cannot invoke "org.openqa.selenium.SearchContext.findElement(org.openqa.selenium.By)" because "this.searchContext" is null
at org.openqa.selenium.support.pagefactory.DefaultElementLocator.findElement(DefaultElementLocator.java:68)
at org.openqa.selenium.support.pagefactory.internal.LocatingElementHandler.invoke(LocatingElementHandler.java:38)
at jdk.proxy2/jdk.proxy2.$Proxy25.isEnabled(Unknown Source)
at dsAlgo_PageFactory.LinkedList_PageFactory.deletionLinkEnabled(LinkedList_PageFactory.java:78)
at dsAlgo_StepDefinition.LinkedList.the_user_checks_whether_the_deletion_link_is_enabled(LinkedList.java:144)
at ✽.The user checks whether the Deletion link is enabled(file:///C:/Users/rinuh/eclipse-workspace/DsAlgo_CodeCrackers/src/test/resources/features/D_LinkedList.feature:43)
]]>
    </error>
  </testcase> <!-- runScenario -->
  <testcase classname="dsAlgo_TestRunner.TestRunner" name="runScenario" time="0.270">
    <error message="Cannot invoke &quot;org.openqa.selenium.WebDriver.get(String)&quot; because &quot;this.driver&quot; is null" type="java.lang.NullPointerException">
      <![CDATA[java.lang.NullPointerException: Cannot invoke "org.openqa.selenium.WebDriver.get(String)" because "this.driver" is null
at dsAlgo_PageFactory.Home_PageFactory.launchURL(Home_PageFactory.java:45)
at dsAlgo_StepDefinition.Home.user_is_in_the_ds_algo_launch_page(Home.java:26)
at ✽.User is in the ds-algo launch page(file:///C:/Users/rinuh/eclipse-workspace/DsAlgo_CodeCrackers/src/test/resources/features/A_Home.feature:4)
]]>
    </error>
  </testcase> <!-- runScenario -->
</testsuite> <!-- dsAlgo_TestRunner.TestRunner -->
