<?xml version="1.0" encoding="UTF-8"?>
<!-- Generated by org.testng.reporters.JUnitReportReporter -->
<testsuite hostname="Dhivya" failures="0" tests="88" name="dsAlgo_TestRunner.TestRunner" time="82.522" errors="2" timestamp="2025-02-18T12:55:20 EST" skipped="0">
  <testcase classname="dsAlgo_TestRunner.TestRunner" name="runScenario" time="0.489"/>
  <testcase classname="dsAlgo_TestRunner.TestRunner" name="runScenario" time="0.737"/>
  <testcase classname="dsAlgo_TestRunner.TestRunner" name="runScenario" time="0.833"/>
  <testcase classname="dsAlgo_TestRunner.TestRunner" name="runScenario" time="0.239"/>
  <testcase classname="dsAlgo_TestRunner.TestRunner" name="runScenario" time="0.794"/>
  <testcase classname="dsAlgo_TestRunner.TestRunner" name="runScenario" time="0.161"/>
  <testcase classname="dsAlgo_TestRunner.TestRunner" name="runScenario" time="0.692"/>
  <testcase classname="dsAlgo_TestRunner.TestRunner" name="runScenario" time="0.662"/>
  <testcase classname="dsAlgo_TestRunner.TestRunner" name="runScenario" time="0.441"/>
  <testcase classname="dsAlgo_TestRunner.TestRunner" name="runScenario" time="0.146"/>
  <testcase classname="dsAlgo_TestRunner.TestRunner" name="runScenario" time="0.499"/>
  <testcase classname="dsAlgo_TestRunner.TestRunner" name="runScenario" time="0.530"/>
  <testcase classname="dsAlgo_TestRunner.TestRunner" name="runScenario" time="0.838"/>
  <testcase classname="dsAlgo_TestRunner.TestRunner" name="runScenario" time="0.212"/>
  <testcase classname="dsAlgo_TestRunner.TestRunner" name="runScenario" time="2.307"/>
  <testcase classname="dsAlgo_TestRunner.TestRunner" name="runScenario" time="0.516"/>
  <testcase classname="dsAlgo_TestRunner.TestRunner" name="runScenario" time="0.871"/>
  <testcase classname="dsAlgo_TestRunner.TestRunner" name="runScenario" time="0.942"/>
  <testcase classname="dsAlgo_TestRunner.TestRunner" name="runScenario" time="0.442"/>
  <testcase classname="dsAlgo_TestRunner.TestRunner" name="runScenario" time="1.116"/>
  <testcase classname="dsAlgo_TestRunner.TestRunner" name="runScenario" time="0.587"/>
  <testcase classname="dsAlgo_TestRunner.TestRunner" name="runScenario" time="0.770"/>
  <testcase classname="dsAlgo_TestRunner.TestRunner" name="runScenario" time="0.466"/>
  <testcase classname="dsAlgo_TestRunner.TestRunner" name="runScenario" time="2.117">
    <error message="no such element: Unable to locate element: {&quot;method&quot;:&quot;link text&quot;,&quot;selector&quot;:&quot;Sign in&quot;}
  (Session info: chrome=131.0.6778.265)
For documentation on this error, please visit: https://www.selenium.dev/documentation/webdriver/troubleshooting/errors#no-such-element-exception
Build info: version: &#039;4.28.0&#039;, revision: &#039;ac342546e9&#039;
System info: os.name: &#039;Windows 11&#039;, os.arch: &#039;amd64&#039;, os.version: &#039;10.0&#039;, java.version: &#039;23.0.1&#039;
Driver info: org.openqa.selenium.chrome.ChromeDriver
Command: [b855e393b48af1b644d6d99d57b25712, findElement {value=Sign in, using=link text}]
Capabilities {acceptInsecureCerts: false, browserName: chrome, browserVersion: 131.0.6778.265, chrome: {chromedriverVersion: 131.0.6778.264 (2d05e315153..., userDataDir: C:\Users\rinuh\AppData\Loca...}, fedcm:accounts: true, goog:chromeOptions: {debuggerAddress: localhost:54960}, networkConnectionEnabled: false, pageLoadStrategy: normal, platformName: windows, proxy: Proxy(), se:cdp: ws://localhost:54960/devtoo..., se:cdpVersion: 131.0.6778.265, setWindowRect: true, strictFileInteractability: false, timeouts: {implicit: 0, pageLoad: 300000, script: 30000}, unhandledPromptBehavior: dismiss and notify, webauthn:extension:credBlob: true, webauthn:extension:largeBlob: true, webauthn:extension:minPinLength: true, webauthn:extension:prf: true, webauthn:virtualAuthenticators: true}
Session ID: b855e393b48af1b644d6d99d57b25712" type="org.openqa.selenium.NoSuchElementException">
      <![CDATA[org.openqa.selenium.NoSuchElementException: no such element: Unable to locate element: {"method":"link text","selector":"Sign in"}
  (Session info: chrome=131.0.6778.265)
For documentation on this error, please visit: https://www.selenium.dev/documentation/webdriver/troubleshooting/errors#no-such-element-exception
Build info: version: '4.28.0', revision: 'ac342546e9'
System info: os.name: 'Windows 11', os.arch: 'amd64', os.version: '10.0', java.version: '23.0.1'
Driver info: org.openqa.selenium.chrome.ChromeDriver
Command: [b855e393b48af1b644d6d99d57b25712, findElement {value=Sign in, using=link text}]
Capabilities {acceptInsecureCerts: false, browserName: chrome, browserVersion: 131.0.6778.265, chrome: {chromedriverVersion: 131.0.6778.264 (2d05e315153..., userDataDir: C:\Users\rinuh\AppData\Loca...}, fedcm:accounts: true, goog:chromeOptions: {debuggerAddress: localhost:54960}, networkConnectionEnabled: false, pageLoadStrategy: normal, platformName: windows, proxy: Proxy(), se:cdp: ws://localhost:54960/devtoo..., se:cdpVersion: 131.0.6778.265, setWindowRect: true, strictFileInteractability: false, timeouts: {implicit: 0, pageLoad: 300000, script: 30000}, unhandledPromptBehavior: dismiss and notify, webauthn:extension:credBlob: true, webauthn:extension:largeBlob: true, webauthn:extension:minPinLength: true, webauthn:extension:prf: true, webauthn:virtualAuthenticators: true}
Session ID: b855e393b48af1b644d6d99d57b25712
at java.base/jdk.internal.reflect.DirectConstructorHandleAccessor.newInstance(DirectConstructorHandleAccessor.java:62)
at java.base/java.lang.reflect.Constructor.newInstanceWithCaller(Constructor.java:501)
at java.base/java.lang.reflect.Constructor.newInstance(Constructor.java:485)
at org.openqa.selenium.remote.ErrorCodec.decode(ErrorCodec.java:167)
at org.openqa.selenium.remote.codec.w3c.W3CHttpResponseCodec.decode(W3CHttpResponseCodec.java:138)
at org.openqa.selenium.remote.codec.w3c.W3CHttpResponseCodec.decode(W3CHttpResponseCodec.java:50)
at org.openqa.selenium.remote.HttpCommandExecutor.execute(HttpCommandExecutor.java:215)
at org.openqa.selenium.remote.service.DriverCommandExecutor.invokeExecute(DriverCommandExecutor.java:216)
at org.openqa.selenium.remote.service.DriverCommandExecutor.execute(DriverCommandExecutor.java:174)
at org.openqa.selenium.remote.RemoteWebDriver.execute(RemoteWebDriver.java:545)
at org.openqa.selenium.remote.ElementLocation$ElementFinder$2.findElement(ElementLocation.java:165)
at org.openqa.selenium.remote.ElementLocation.findElement(ElementLocation.java:59)
at org.openqa.selenium.remote.RemoteWebDriver.findElement(RemoteWebDriver.java:368)
at org.openqa.selenium.remote.RemoteWebDriver.findElement(RemoteWebDriver.java:362)
at org.openqa.selenium.support.pagefactory.DefaultElementLocator.findElement(DefaultElementLocator.java:68)
at org.openqa.selenium.support.pagefactory.internal.LocatingElementHandler.invoke(LocatingElementHandler.java:38)
at jdk.proxy2/jdk.proxy2.$Proxy41.click(Unknown Source)
at dsAlgo_PageFactory.Login_PageFactory.signInClick(Login_PageFactory.java:29)
at dsAlgo_StepDefinition.Login.the_user_clicks_the_sign_in_link(Login.java:34)
at âœ½.The user clicks the Sign In link(file:///C:/Users/rinuh/eclipse-workspace/DsAlgo_CodeCrackers/src/test/resources/features/Login.feature:9)
]]>
    </error>
  </testcase> <!-- runScenario -->
  <testcase classname="dsAlgo_TestRunner.TestRunner" name="runScenario" time="0.950"/>
  <testcase classname="dsAlgo_TestRunner.TestRunner" name="runScenario" time="2.790"/>
  <testcase classname="dsAlgo_TestRunner.TestRunner" name="runScenario" time="1.432"/>
  <testcase classname="dsAlgo_TestRunner.TestRunner" name="runScenario" time="1.134"/>
  <testcase classname="dsAlgo_TestRunner.TestRunner" name="runScenario" time="0.771"/>
  <testcase classname="dsAlgo_TestRunner.TestRunner" name="runScenario" time="0.389"/>
  <testcase classname="dsAlgo_TestRunner.TestRunner" name="runScenario" time="0.195"/>
  <testcase classname="dsAlgo_TestRunner.TestRunner" name="runScenario" time="1.640"/>
  <testcase classname="dsAlgo_TestRunner.TestRunner" name="runScenario" time="0.889"/>
  <testcase classname="dsAlgo_TestRunner.TestRunner" name="runScenario" time="1.024"/>
  <testcase classname="dsAlgo_TestRunner.TestRunner" name="runScenario" time="0.226"/>
  <testcase classname="dsAlgo_TestRunner.TestRunner" name="runScenario" time="0.152"/>
  <testcase classname="dsAlgo_TestRunner.TestRunner" name="runScenario" time="0.410"/>
  <testcase classname="dsAlgo_TestRunner.TestRunner" name="runScenario" time="0.776"/>
  <testcase classname="dsAlgo_TestRunner.TestRunner" name="runScenario" time="0.619"/>
  <testcase classname="dsAlgo_TestRunner.TestRunner" name="runScenario" time="0.807"/>
  <testcase classname="dsAlgo_TestRunner.TestRunner" name="runScenario" time="0.171"/>
  <testcase classname="dsAlgo_TestRunner.TestRunner" name="runScenario" time="0.243"/>
  <testcase classname="dsAlgo_TestRunner.TestRunner" name="runScenario" time="4.074"/>
  <testcase classname="dsAlgo_TestRunner.TestRunner" name="runScenario" time="2.686"/>
  <testcase classname="dsAlgo_TestRunner.TestRunner" name="runScenario" time="0.914"/>
  <testcase classname="dsAlgo_TestRunner.TestRunner" name="runScenario" time="0.206"/>
  <testcase classname="dsAlgo_TestRunner.TestRunner" name="runScenario" time="0.446"/>
  <testcase classname="dsAlgo_TestRunner.TestRunner" name="runScenario" time="3.682">
    <error message="no such element: Unable to locate element: {&quot;method&quot;:&quot;xpath&quot;,&quot;selector&quot;:&quot;//div[contains(text(),&#039;Account Created&#039;)]&quot;}
  (Session info: chrome=131.0.6778.265)
For documentation on this error, please visit: https://www.selenium.dev/documentation/webdriver/troubleshooting/errors#no-such-element-exception
Build info: version: &#039;4.28.0&#039;, revision: &#039;ac342546e9&#039;
System info: os.name: &#039;Windows 11&#039;, os.arch: &#039;amd64&#039;, os.version: &#039;10.0&#039;, java.version: &#039;23.0.1&#039;
Driver info: org.openqa.selenium.chrome.ChromeDriver
Command: [b855e393b48af1b644d6d99d57b25712, findElement {value=//div[contains(text(),&#039;Account Created&#039;)], using=xpath}]
Capabilities {acceptInsecureCerts: false, browserName: chrome, browserVersion: 131.0.6778.265, chrome: {chromedriverVersion: 131.0.6778.264 (2d05e315153..., userDataDir: C:\Users\rinuh\AppData\Loca...}, fedcm:accounts: true, goog:chromeOptions: {debuggerAddress: localhost:54960}, networkConnectionEnabled: false, pageLoadStrategy: normal, platformName: windows, proxy: Proxy(), se:cdp: ws://localhost:54960/devtoo..., se:cdpVersion: 131.0.6778.265, setWindowRect: true, strictFileInteractability: false, timeouts: {implicit: 0, pageLoad: 300000, script: 30000}, unhandledPromptBehavior: dismiss and notify, webauthn:extension:credBlob: true, webauthn:extension:largeBlob: true, webauthn:extension:minPinLength: true, webauthn:extension:prf: true, webauthn:virtualAuthenticators: true}
Session ID: b855e393b48af1b644d6d99d57b25712" type="org.openqa.selenium.NoSuchElementException">
      <![CDATA[org.openqa.selenium.NoSuchElementException: no such element: Unable to locate element: {"method":"xpath","selector":"//div[contains(text(),'Account Created')]"}
  (Session info: chrome=131.0.6778.265)
For documentation on this error, please visit: https://www.selenium.dev/documentation/webdriver/troubleshooting/errors#no-such-element-exception
Build info: version: '4.28.0', revision: 'ac342546e9'
System info: os.name: 'Windows 11', os.arch: 'amd64', os.version: '10.0', java.version: '23.0.1'
Driver info: org.openqa.selenium.chrome.ChromeDriver
Command: [b855e393b48af1b644d6d99d57b25712, findElement {value=//div[contains(text(),'Account Created')], using=xpath}]
Capabilities {acceptInsecureCerts: false, browserName: chrome, browserVersion: 131.0.6778.265, chrome: {chromedriverVersion: 131.0.6778.264 (2d05e315153..., userDataDir: C:\Users\rinuh\AppData\Loca...}, fedcm:accounts: true, goog:chromeOptions: {debuggerAddress: localhost:54960}, networkConnectionEnabled: false, pageLoadStrategy: normal, platformName: windows, proxy: Proxy(), se:cdp: ws://localhost:54960/devtoo..., se:cdpVersion: 131.0.6778.265, setWindowRect: true, strictFileInteractability: false, timeouts: {implicit: 0, pageLoad: 300000, script: 30000}, unhandledPromptBehavior: dismiss and notify, webauthn:extension:credBlob: true, webauthn:extension:largeBlob: true, webauthn:extension:minPinLength: true, webauthn:extension:prf: true, webauthn:virtualAuthenticators: true}
Session ID: b855e393b48af1b644d6d99d57b25712
at java.base/jdk.internal.reflect.DirectConstructorHandleAccessor.newInstance(DirectConstructorHandleAccessor.java:62)
at java.base/java.lang.reflect.Constructor.newInstanceWithCaller(Constructor.java:501)
at java.base/java.lang.reflect.Constructor.newInstance(Constructor.java:485)
at org.openqa.selenium.remote.ErrorCodec.decode(ErrorCodec.java:167)
at org.openqa.selenium.remote.codec.w3c.W3CHttpResponseCodec.decode(W3CHttpResponseCodec.java:138)
at org.openqa.selenium.remote.codec.w3c.W3CHttpResponseCodec.decode(W3CHttpResponseCodec.java:50)
at org.openqa.selenium.remote.HttpCommandExecutor.execute(HttpCommandExecutor.java:215)
at org.openqa.selenium.remote.service.DriverCommandExecutor.invokeExecute(DriverCommandExecutor.java:216)
at org.openqa.selenium.remote.service.DriverCommandExecutor.execute(DriverCommandExecutor.java:174)
at org.openqa.selenium.remote.RemoteWebDriver.execute(RemoteWebDriver.java:545)
at org.openqa.selenium.remote.ElementLocation$ElementFinder$2.findElement(ElementLocation.java:165)
at org.openqa.selenium.remote.ElementLocation.findElement(ElementLocation.java:59)
at org.openqa.selenium.remote.RemoteWebDriver.findElement(RemoteWebDriver.java:368)
at org.openqa.selenium.remote.RemoteWebDriver.findElement(RemoteWebDriver.java:362)
at org.openqa.selenium.support.pagefactory.DefaultElementLocator.findElement(DefaultElementLocator.java:68)
at org.openqa.selenium.support.pagefactory.internal.LocatingElementHandler.invoke(LocatingElementHandler.java:38)
at jdk.proxy2/jdk.proxy2.$Proxy41.getText(Unknown Source)
at dsAlgo_PageFactory.Register_PageFactory.successMessageDisplayed(Register_PageFactory.java:57)
at dsAlgo_StepDefinition.Register.user_should_be_able_to_naviagte_to_home_page_and_get_the_success_message(Register.java:150)
at âœ½.User should be able to naviagte to home page and get the success message(file:///C:/Users/rinuh/eclipse-workspace/DsAlgo_CodeCrackers/src/test/resources/features/Register.feature:71)
]]>
    </error>
  </testcase> <!-- runScenario -->
  <testcase classname="dsAlgo_TestRunner.TestRunner" name="runScenario" time="0.466"/>
  <testcase classname="dsAlgo_TestRunner.TestRunner" name="runScenario" time="1.341"/>
  <testcase classname="dsAlgo_TestRunner.TestRunner" name="runScenario" time="1.292"/>
  <testcase classname="dsAlgo_TestRunner.TestRunner" name="runScenario" time="0.902"/>
  <testcase classname="dsAlgo_TestRunner.TestRunner" name="runScenario" time="5.431"/>
  <testcase classname="dsAlgo_TestRunner.TestRunner" name="runScenario" time="0.412"/>
  <testcase classname="dsAlgo_TestRunner.TestRunner" name="runScenario" time="0.180"/>
  <testcase classname="dsAlgo_TestRunner.TestRunner" name="runScenario" time="0.441"/>
  <testcase classname="dsAlgo_TestRunner.TestRunner" name="runScenario" time="0.838"/>
  <testcase classname="dsAlgo_TestRunner.TestRunner" name="runScenario" time="0.552"/>
  <testcase classname="dsAlgo_TestRunner.TestRunner" name="runScenario" time="0.492"/>
  <testcase classname="dsAlgo_TestRunner.TestRunner" name="runScenario" time="3.217"/>
  <testcase classname="dsAlgo_TestRunner.TestRunner" name="runScenario" time="0.874"/>
  <testcase classname="dsAlgo_TestRunner.TestRunner" name="runScenario" time="1.784"/>
  <testcase classname="dsAlgo_TestRunner.TestRunner" name="runScenario" time="0.560"/>
  <testcase classname="dsAlgo_TestRunner.TestRunner" name="runScenario" time="0.564"/>
  <testcase classname="dsAlgo_TestRunner.TestRunner" name="runScenario" time="0.731"/>
  <testcase classname="dsAlgo_TestRunner.TestRunner" name="runScenario" time="0.997"/>
  <testcase classname="dsAlgo_TestRunner.TestRunner" name="runScenario" time="0.209"/>
  <testcase classname="dsAlgo_TestRunner.TestRunner" name="runScenario" time="2.182"/>
  <testcase classname="dsAlgo_TestRunner.TestRunner" name="runScenario" time="0.877"/>
  <testcase classname="dsAlgo_TestRunner.TestRunner" name="runScenario" time="1.115"/>
  <testcase classname="dsAlgo_TestRunner.TestRunner" name="runScenario" time="0.168"/>
  <testcase classname="dsAlgo_TestRunner.TestRunner" name="runScenario" time="0.943"/>
  <testcase classname="dsAlgo_TestRunner.TestRunner" name="runScenario" time="0.746"/>
  <testcase classname="dsAlgo_TestRunner.TestRunner" name="runScenario" time="1.203"/>
  <testcase classname="dsAlgo_TestRunner.TestRunner" name="runScenario" time="1.059"/>
  <testcase classname="dsAlgo_TestRunner.TestRunner" name="runScenario" time="0.246"/>
  <testcase classname="dsAlgo_TestRunner.TestRunner" name="runScenario" time="0.945"/>
  <testcase classname="dsAlgo_TestRunner.TestRunner" name="runScenario" time="0.505"/>
  <testcase classname="dsAlgo_TestRunner.TestRunner" name="runScenario" time="0.798"/>
  <testcase classname="dsAlgo_TestRunner.TestRunner" name="runScenario" time="0.142"/>
  <testcase classname="dsAlgo_TestRunner.TestRunner" name="runScenario" time="0.223"/>
  <testcase classname="dsAlgo_TestRunner.TestRunner" name="runScenario" time="0.915"/>
  <testcase classname="dsAlgo_TestRunner.TestRunner" name="runScenario" time="0.513"/>
  <testcase classname="dsAlgo_TestRunner.TestRunner" name="runScenario" time="0.482"/>
  <testcase classname="dsAlgo_TestRunner.TestRunner" name="runScenario" time="1.002"/>
  <testcase classname="dsAlgo_TestRunner.TestRunner" name="runScenario" time="0.606"/>
  <testcase classname="dsAlgo_TestRunner.TestRunner" name="runScenario" time="0.561"/>
  <testcase classname="dsAlgo_TestRunner.TestRunner" name="runScenario" time="1.975"/>
</testsuite> <!-- dsAlgo_TestRunner.TestRunner -->
